<?xml version="1.0" encoding="UTF-8"?>
<!-- Generated by org.testng.reporters.JUnitXMLReporter -->
<testsuite hostname="CIGAULP-1316" ignored="0" name="Test-Login-Chrome" tests="1" failures="1" timestamp="02 Jan 2018 07:32:14 GMT" time="89.423" errors="0">
  <testcase name="HN_Script_Execution" time="8.136" classname="com.web.automation.scripts.HN_Script_Updated">
    <failure type="java.lang.RuntimeException" message="Failed : HTTP error code : 403">
      <![CDATA[java.lang.RuntimeException: Failed : HTTP error code : 403at com.web.automation.pages.HN_Pages_Updated.PostInQAComplete(HN_Pages_Updated.java:193)at com.web.automation.scripts.HN_Script_Updated.HN_Script_Execution(HN_Script_Updated.java:141)... Removed 25 stack frames]]>
    </failure>
  </testcase> <!-- HN_Script_Execution -->
</testsuite> <!-- Test-Login-Chrome -->
