<?xml version="1.0" encoding="UTF-8"?>
<testng-results skipped="0" failed="1" ignored="0" total="1" passed="0">
  <reporter-output>
    <line>
      <![CDATA[About to begin executing Suite :- Selenium-Automation]]>
    </line>
    <line>
      <![CDATA[About to begin executing method :- TestEngineWeb.beforeSuite]]>
    </line>
    <line>
      <![CDATA[Completed executing method  :- TestEngineWeb.beforeSuite]]>
    </line>
    <line>
      <![CDATA[About to begin executing Test :- Test-Login-Chrome]]>
    </line>
    <line>
      <![CDATA[About to begin executing method :- TestEngineWeb.beforeTest]]>
    </line>
    <line>
      <![CDATA[Completed executing method  :- TestEngineWeb.beforeTest]]>
    </line>
    <line>
      <![CDATA[About to begin executing method :- TestEngineWeb.beforeClass]]>
    </line>
    <line>
      <![CDATA[Completed executing method  :- TestEngineWeb.beforeClass]]>
    </line>
    <line>
      <![CDATA[About to begin executing method :- TestEngineWeb.beforeMethod]]>
    </line>
    <line>
      <![CDATA[Completed executing method  :- TestEngineWeb.beforeMethod]]>
    </line>
    <line>
      <![CDATA[About to begin executing method :- HN_Script_Updated.beforeMethod]]>
    </line>
    <line>
      <![CDATA[Completed executing method  :- HN_Script_Updated.beforeMethod]]>
    </line>
    <line>
      <![CDATA[About to begin Test :- HN_Script_Execution]]>
    </line>
    <line>
      <![CDATA[About to begin executing method :- HN_Script_Updated.HN_Script_Execution]]>
    </line>
    <line>
      <![CDATA[Completed executing method  :- HN_Script_Updated.HN_Script_Execution]]>
    </line>
    <line>
      <![CDATA[About to begin executing method :- TestEngineWeb.afterMethod]]>
    </line>
    <line>
      <![CDATA[Completed executing method  :- TestEngineWeb.afterMethod]]>
    </line>
    <line>
      <![CDATA[About to begin executing method :- TestEngineWeb.afterClass]]>
    </line>
    <line>
      <![CDATA[Completed executing method  :- TestEngineWeb.afterClass]]>
    </line>
    <line>
      <![CDATA[About to begin executing method :- TestEngineWeb.afterTest]]>
    </line>
    <line>
      <![CDATA[Completed executing method  :- TestEngineWeb.afterTest]]>
    </line>
    <line>
      <![CDATA[Completed executing test :- Test-Login-Chrome]]>
    </line>
    <line>
      <![CDATA[About to begin executing method :- TestEngineWeb.afterSuite]]>
    </line>
    <line>
      <![CDATA[Completed executing method  :- TestEngineWeb.afterSuite]]>
    </line>
  </reporter-output>
  <suite name="Selenium-Automation" duration-ms="186809" started-at="2018-02-08T12:37:51Z" finished-at="2018-02-08T12:40:57Z">
    <groups>
      <group name="regression">
        <method signature="HN_Script_Updated.HN_Script_Execution()[pri:0, instance:com.web.automation.scripts.HN_Script_Updated@3901d134]" name="HN_Script_Execution" class="com.web.automation.scripts.HN_Script_Updated"/>
      </group> <!-- regression -->
      <group name="smoke">
        <method signature="HN_Script_Updated.HN_Script_Execution()[pri:0, instance:com.web.automation.scripts.HN_Script_Updated@3901d134]" name="HN_Script_Execution" class="com.web.automation.scripts.HN_Script_Updated"/>
      </group> <!-- smoke -->
    </groups>
    <test name="Test-Login-Chrome" duration-ms="186809" started-at="2018-02-08T12:37:51Z" finished-at="2018-02-08T12:40:57Z">
      <class name="com.web.automation.scripts.HN_Script_Updated">
        <test-method status="PASS" signature="beforeSuite(org.testng.ITestContext)[pri:0, instance:com.web.automation.scripts.HN_Script_Updated@3901d134]" name="beforeSuite" is-config="true" duration-ms="53" started-at="2018-02-08T18:07:50Z" finished-at="2018-02-08T18:07:51Z">
          <params>
            <param index="0">
              <value>
                <![CDATA[org.testng.TestRunner@32fdec40]]>
              </value>
            </param>
          </params>
          <reporter-output>
            <line>
              <![CDATA[Completed executing method  :- TestEngineWeb.beforeSuite]]>
            </line>
          </reporter-output>
        </test-method> <!-- beforeSuite -->
        <test-method status="PASS" signature="beforeTest(org.testng.ITestContext)[pri:0, instance:com.web.automation.scripts.HN_Script_Updated@3901d134]" name="beforeTest" is-config="true" duration-ms="1832" started-at="2018-02-08T18:07:51Z" finished-at="2018-02-08T18:07:52Z">
          <params>
            <param index="0">
              <value>
                <![CDATA[org.testng.TestRunner@32fdec40]]>
              </value>
            </param>
          </params>
          <reporter-output>
            <line>
              <![CDATA[Completed executing method  :- TestEngineWeb.beforeTest]]>
            </line>
          </reporter-output>
        </test-method> <!-- beforeTest -->
        <test-method status="PASS" signature="beforeClass()[pri:0, instance:com.web.automation.scripts.HN_Script_Updated@3901d134]" name="beforeClass" is-config="true" duration-ms="23813" started-at="2018-02-08T18:07:52Z" finished-at="2018-02-08T18:08:16Z">
          <reporter-output>
            <line>
              <![CDATA[Completed executing method  :- TestEngineWeb.beforeClass]]>
            </line>
          </reporter-output>
        </test-method> <!-- beforeClass -->
        <test-method status="PASS" signature="beforeMethod(java.lang.reflect.Method)[pri:0, instance:com.web.automation.scripts.HN_Script_Updated@3901d134]" name="beforeMethod" is-config="true" duration-ms="1622" started-at="2018-02-08T18:08:16Z" finished-at="2018-02-08T18:08:18Z">
          <params>
            <param index="0">
              <value>
                <![CDATA[public void com.web.automation.scripts.HN_Script_Updated.HN_Script_Execution() throws java.lang.Throwable]]>
              </value>
            </param>
          </params>
          <reporter-output>
            <line>
              <![CDATA[Completed executing method  :- TestEngineWeb.beforeMethod]]>
            </line>
          </reporter-output>
        </test-method> <!-- beforeMethod -->
        <test-method status="PASS" signature="beforeMethod()[pri:0, instance:com.web.automation.scripts.HN_Script_Updated@3901d134]" name="beforeMethod" is-config="true" duration-ms="591" started-at="2018-02-08T18:08:18Z" finished-at="2018-02-08T18:08:19Z">
          <reporter-output>
            <line>
              <![CDATA[Completed executing method  :- HN_Script_Updated.beforeMethod]]>
            </line>
          </reporter-output>
        </test-method> <!-- beforeMethod -->
        <test-method status="FAIL" signature="HN_Script_Execution()[pri:0, instance:com.web.automation.scripts.HN_Script_Updated@3901d134]" name="HN_Script_Execution" duration-ms="128810" started-at="2018-02-08T18:08:19Z" description="Online - Purchase order" finished-at="2018-02-08T18:10:27Z">
          <exception class="java.lang.RuntimeException">
            <message>
              <![CDATA[Failed : HTTP error code : 403]]>
            </message>
            <full-stacktrace>
              <![CDATA[java.lang.RuntimeException: Failed : HTTP error code : 403at com.web.automation.pages.HN_Pages_Updated.PostInQAComplete(HN_Pages_Updated.java:194)at com.web.automation.scripts.HN_Script_Updated.HN_Script_Execution(HN_Script_Updated.java:141)at sun.reflect.NativeMethodAccessorImpl.invoke0(Native Method)at sun.reflect.NativeMethodAccessorImpl.invoke(Unknown Source)at sun.reflect.DelegatingMethodAccessorImpl.invoke(Unknown Source)at java.lang.reflect.Method.invoke(Unknown Source)at org.testng.internal.MethodInvocationHelper.invokeMethod(MethodInvocationHelper.java:124)at org.testng.internal.Invoker.invokeMethod(Invoker.java:571)at org.testng.internal.Invoker.invokeTestMethod(Invoker.java:707)at org.testng.internal.Invoker.invokeTestMethods(Invoker.java:979)at org.testng.internal.TestMethodWorker.invokeTestMethods(TestMethodWorker.java:125)at org.testng.internal.TestMethodWorker.run(TestMethodWorker.java:109)at org.testng.TestRunner.privateRun(TestRunner.java:648)at org.testng.TestRunner.run(TestRunner.java:505)at org.testng.SuiteRunner.runTest(SuiteRunner.java:455)at org.testng.SuiteRunner.runSequentially(SuiteRunner.java:450)at org.testng.SuiteRunner.privateRun(SuiteRunner.java:415)at org.testng.SuiteRunner.run(SuiteRunner.java:364)at org.testng.SuiteRunnerWorker.runSuite(SuiteRunnerWorker.java:52)at org.testng.SuiteRunnerWorker.run(SuiteRunnerWorker.java:84)at org.testng.TestNG.runSuitesSequentially(TestNG.java:1187)at org.testng.TestNG.runSuitesLocally(TestNG.java:1116)at org.testng.TestNG.runSuites(TestNG.java:1028)at org.testng.TestNG.run(TestNG.java:996)at org.testng.remote.AbstractRemoteTestNG.run(AbstractRemoteTestNG.java:114)at org.testng.remote.RemoteTestNG.initAndRun(RemoteTestNG.java:251)at org.testng.remote.RemoteTestNG.main(RemoteTestNG.java:77)]]>
            </full-stacktrace>
          </exception> <!-- java.lang.RuntimeException -->
          <reporter-output>
            <line>
              <![CDATA[About to begin Test :- HN_Script_Execution]]>
            </line>
            <line>
              <![CDATA[About to begin executing method :- HN_Script_Updated.HN_Script_Execution]]>
            </line>
            <line>
              <![CDATA[Completed executing method  :- HN_Script_Updated.HN_Script_Execution]]>
            </line>
            <line>
              <![CDATA[About to begin executing method :- TestEngineWeb.afterMethod]]>
            </line>
          </reporter-output>
        </test-method> <!-- HN_Script_Execution -->
        <test-method status="PASS" signature="afterMethod(java.lang.reflect.Method, org.testng.ITestResult)[pri:0, instance:com.web.automation.scripts.HN_Script_Updated@3901d134]" name="afterMethod" is-config="true" duration-ms="1738" started-at="2018-02-08T18:10:27Z" finished-at="2018-02-08T18:10:29Z">
          <params>
            <param index="0">
              <value>
                <![CDATA[public void com.web.automation.scripts.HN_Script_Updated.HN_Script_Execution() throws java.lang.Throwable]]>
              </value>
            </param>
            <param index="1">
              <value>
                <![CDATA[[TestResult name=HN_Script_Execution status=FAILURE method=HN_Script_Updated.HN_Script_Execution()[pri:0, instance:com.web.automation.scripts.HN_Script_Updated@3901d134] output=About to begin Test :- HN_Script_Execution]]]>
              </value>
            </param>
          </params>
          <reporter-output>
            <line>
              <![CDATA[Completed executing method  :- TestEngineWeb.afterMethod]]>
            </line>
          </reporter-output>
        </test-method> <!-- afterMethod -->
        <test-method status="PASS" signature="afterClass()[pri:0, instance:com.web.automation.scripts.HN_Script_Updated@3901d134]" name="afterClass" is-config="true" duration-ms="28206" started-at="2018-02-08T18:10:29Z" finished-at="2018-02-08T18:10:57Z">
          <reporter-output>
            <line>
              <![CDATA[Completed executing method  :- TestEngineWeb.afterClass]]>
            </line>
          </reporter-output>
        </test-method> <!-- afterClass -->
        <test-method status="PASS" signature="afterTest()[pri:0, instance:com.web.automation.scripts.HN_Script_Updated@3901d134]" name="afterTest" is-config="true" duration-ms="16" started-at="2018-02-08T18:10:57Z" finished-at="2018-02-08T18:10:57Z">
          <reporter-output>
            <line>
              <![CDATA[Completed executing method  :- TestEngineWeb.afterTest]]>
            </line>
          </reporter-output>
        </test-method> <!-- afterTest -->
        <test-method status="PASS" signature="afterSuite()[pri:0, instance:com.web.automation.scripts.HN_Script_Updated@3901d134]" name="afterSuite" is-config="true" duration-ms="1501" started-at="2018-02-08T18:10:57Z" finished-at="2018-02-08T18:10:59Z">
          <reporter-output>
            <line>
              <![CDATA[Completed executing method  :- TestEngineWeb.afterSuite]]>
            </line>
          </reporter-output>
        </test-method> <!-- afterSuite -->
      </class> <!-- com.web.automation.scripts.HN_Script_Updated -->
    </test> <!-- Test-Login-Chrome -->
  </suite> <!-- Selenium-Automation -->
</testng-results>
